<?xml version="1.0" encoding="UTF-8"?>
<!-- Generated by org.testng.reporters.JUnitXMLReporter -->
<testsuite ignored="0" hostname="LAPTOP-IM3ORJ1K" failures="1" tests="2" name="Banking App Test" time="37.071" errors="0" timestamp="15 Jan 2022 13:07:39 GMT">
  <testcase classname="com.testCases.TC_02_Login_DDT" name="loginDDT" time="14.75"/>
  <testcase classname="com.testCases.TC_02_Login_DDT" name="loginDDT" time="4.403">
    <failure type="junit.framework.AssertionFailedError">
      <![CDATA[junit.framework.AssertionFailedError
at junit.framework.Assert.fail(Assert.java:47)
at junit.framework.Assert.assertTrue(Assert.java:20)
at junit.framework.Assert.assertTrue(Assert.java:27)
at com.testCases.TC_02_Login_DDT.loginDDT(TC_02_Login_DDT.java:29)
... Removed 25 stack frames]]>
    </failure>
  </testcase> <!-- loginDDT -->
</testsuite> <!-- Banking App Test -->
