<?xml version="1.0" encoding="UTF-8"?>
<testng-results ignored="0" total="2" passed="1" failed="1" skipped="0">
  <reporter-output>
  </reporter-output>
  <suite started-at="2022-01-15T13:35:27Z" name="Framework_Achin" finished-at="2022-01-15T13:36:05Z" duration-ms="38279">
    <groups>
    </groups>
    <test started-at="2022-01-15T13:35:27Z" name="Banking App Test" finished-at="2022-01-15T13:36:05Z" duration-ms="38279">
      <class name="com.testCases.TC_02_Login_DDT">
        <test-method is-config="true" signature="Setup(java.lang.String)[pri:0, instance:com.testCases.TC_02_Login_DDT@6aba2b86]" started-at="2022-01-15T13:35:27Z" name="Setup" finished-at="2022-01-15T13:35:48Z" duration-ms="21218" status="PASS">
          <params>
            <param index="0">
              <value>
                <![CDATA[chrome]]>
              </value>
            </param>
          </params>
          <reporter-output>
          </reporter-output>
        </test-method> <!-- Setup -->
        <test-method signature="loginDDT(java.lang.String, java.lang.String)[pri:0, instance:com.testCases.TC_02_Login_DDT@6aba2b86]" started-at="2022-01-15T13:35:50Z" name="loginDDT" data-provider="LoginData" finished-at="2022-01-15T13:36:01Z" duration-ms="11230" status="PASS">
          <params>
            <param index="0">
              <value>
                <![CDATA[mngr380439]]>
              </value>
            </param>
            <param index="1">
              <value>
                <![CDATA[UdAtYba]]>
              </value>
            </param>
          </params>
          <reporter-output>
          </reporter-output>
        </test-method> <!-- loginDDT -->
        <test-method signature="loginDDT(java.lang.String, java.lang.String)[pri:0, instance:com.testCases.TC_02_Login_DDT@6aba2b86]" started-at="2022-01-15T13:36:01Z" name="loginDDT" data-provider="LoginData" finished-at="2022-01-15T13:36:05Z" duration-ms="3684" status="FAIL">
          <params>
            <param index="0">
              <value>
                <![CDATA[mngr380440]]>
              </value>
            </param>
            <param index="1">
              <value>
                <![CDATA[abcd123]]>
              </value>
            </param>
          </params>
          <exception class="junit.framework.AssertionFailedError">
            <full-stacktrace>
              <![CDATA[junit.framework.AssertionFailedError
at junit.framework.Assert.fail(Assert.java:47)
at junit.framework.Assert.assertTrue(Assert.java:20)
at junit.framework.Assert.assertTrue(Assert.java:27)
at com.testCases.TC_02_Login_DDT.loginDDT(TC_02_Login_DDT.java:29)
at java.base/jdk.internal.reflect.NativeMethodAccessorImpl.invoke0(Native Method)
at java.base/jdk.internal.reflect.NativeMethodAccessorImpl.invoke(NativeMethodAccessorImpl.java:77)
at java.base/jdk.internal.reflect.DelegatingMethodAccessorImpl.invoke(DelegatingMethodAccessorImpl.java:43)
at java.base/java.lang.reflect.Method.invoke(Method.java:568)
at org.testng.internal.MethodInvocationHelper.invokeMethod(MethodInvocationHelper.java:124)
at org.testng.internal.Invoker.invokeMethod(Invoker.java:583)
at org.testng.internal.Invoker.invokeTestMethod(Invoker.java:719)
at org.testng.internal.Invoker.invokeTestMethods(Invoker.java:989)
at org.testng.internal.TestMethodWorker.invokeTestMethods(TestMethodWorker.java:125)
at org.testng.internal.TestMethodWorker.run(TestMethodWorker.java:109)
at org.testng.TestRunner.privateRun(TestRunner.java:648)
at org.testng.TestRunner.run(TestRunner.java:505)
at org.testng.SuiteRunner.runTest(SuiteRunner.java:455)
at org.testng.SuiteRunner.runSequentially(SuiteRunner.java:450)
at org.testng.SuiteRunner.privateRun(SuiteRunner.java:415)
at org.testng.SuiteRunner.run(SuiteRunner.java:364)
at org.testng.SuiteRunnerWorker.runSuite(SuiteRunnerWorker.java:52)
at org.testng.SuiteRunnerWorker.run(SuiteRunnerWorker.java:84)
at org.testng.TestNG.runSuitesSequentially(TestNG.java:1208)
at org.testng.TestNG.runSuitesLocally(TestNG.java:1137)
at org.testng.TestNG.runSuites(TestNG.java:1049)
at org.testng.TestNG.run(TestNG.java:1017)
at org.apache.maven.surefire.testng.TestNGExecutor.run(TestNGExecutor.java:295)
at org.apache.maven.surefire.testng.TestNGXmlTestSuite.execute(TestNGXmlTestSuite.java:84)
at org.apache.maven.surefire.testng.TestNGProvider.invoke(TestNGProvider.java:90)
at org.apache.maven.surefire.booter.ForkedBooter.invokeProviderInSameClassLoader(ForkedBooter.java:203)
at org.apache.maven.surefire.booter.ForkedBooter.runSuitesInProcess(ForkedBooter.java:155)
at org.apache.maven.surefire.booter.ForkedBooter.main(ForkedBooter.java:103)
]]>
            </full-stacktrace>
          </exception> <!-- junit.framework.AssertionFailedError -->
          <reporter-output>
          </reporter-output>
        </test-method> <!-- loginDDT -->
        <test-method is-config="true" signature="tearDown()[pri:0, instance:com.testCases.TC_02_Login_DDT@6aba2b86]" started-at="2022-01-15T13:36:05Z" name="tearDown" finished-at="2022-01-15T13:36:05Z" duration-ms="415" status="PASS">
          <reporter-output>
          </reporter-output>
        </test-method> <!-- tearDown -->
      </class> <!-- com.testCases.TC_02_Login_DDT -->
    </test> <!-- Banking App Test -->
  </suite> <!-- Framework_Achin -->
</testng-results>
